<?xml version="1.0" encoding="UTF-8"?>
<!-- Generated by org.testng.reporters.JUnitReportReporter -->
<testsuite skipped="0" hostname="user" name="Cucumber.RestAssured_API_Framework_By_RahulShetty.AppTest" tests="1" failures="0" timestamp="2022-02-05T09:36:44 IST" time="0.056" errors="0">
  <testcase name="testApp" time="0.056" classname="Cucumber.RestAssured_API_Framework_By_RahulShetty.AppTest"/>
</testsuite> <!-- Cucumber.RestAssured_API_Framework_By_RahulShetty.AppTest -->
